<?xml version="1.0" encoding="UTF-8"?>
<testng-results skipped="0" failed="0" total="1" passed="1">
  <reporter-output>
  </reporter-output>
  <suite name="Default suite" duration-ms="22704" started-at="2023-02-04T06:27:53Z" finished-at="2023-02-04T06:28:16Z">
    <groups>
    </groups>
    <test name="Default test" duration-ms="22704" started-at="2023-02-04T06:27:53Z" finished-at="2023-02-04T06:28:16Z">
      <class name="test.AddCustomerTest">
        <test-method status="PASS" signature="validCustomerShouldBeAbleToCreateCustomer()[pri:0, instance:test.AddCustomerTest@2fc14f68]" name="validCustomerShouldBeAbleToCreateCustomer" duration-ms="22696" started-at="2023-02-04T00:27:53Z" finished-at="2023-02-04T00:28:16Z">
          <reporter-output>
          </reporter-output>
        </test-method> <!-- validCustomerShouldBeAbleToCreateCustomer -->
      </class> <!-- test.AddCustomerTest -->
    </test> <!-- Default test -->
  </suite> <!-- Default suite -->
</testng-results>
